<?xml version="1.0" encoding="UTF-8"?>

<beans 	xmlns="http://www.springframework.org/schema/beans"       	
       	xmlns:context="http://www.springframework.org/schema/context"       
       	xmlns:tx="http://www.springframework.org/schema/tx"
       	xmlns:xsi="http://www.w3.org/2001/XMLSchema-instance"
       	xsi:schemaLocation=
           "http://www.springframework.org/schema/beans
            http://www.springframework.org/schema/beans/spring-beans-3.0.xsd
            http://www.springframework.org/schema/context
            http://www.springframework.org/schema/context/spring-context-3.0.xsd
            http://www.springframework.org/schema/tx
            http://www.springframework.org/schema/tx/spring-tx-3.0.xsd" >
	    
	<!-- Business -->    
    <context:annotation-config />    <!-- enable @Autowired -->
    <context:component-scan base-package="com.hoang.app.boundary"/>    
    <context:component-scan base-package="com.hoang.app.service"/>
    <context:component-scan base-package="com.hoang.app.dao"/>
      <!-- Mail Module -->
    <context:component-scan base-package="com.hoang.module.mail.boundary"/>    
    <context:component-scan base-package="com.hoang.module.mail.service"/>
    <context:component-scan base-package="com.hoang.module.mail.dao"/>    
      <!-- Event Scheduling Module -->  
    <context:component-scan base-package="com.hoang.module.es.boundary"/>    
    <context:component-scan base-package="com.hoang.module.es.service"/>
    <context:component-scan base-package="com.hoang.module.es.dao"/>
        
      <!-- Declarative transaction using annotation  -->
    <tx:annotation-driven transaction-manager="transactionManager" />	<!-- enable @Transactional -->
    <bean id="transactionManager" class="org.springframework.orm.hibernate3.HibernateTransactionManager">
       <property name="sessionFactory" ref="sessionFactory" />
    </bean>
    
    
    <!-- Persistence -->
      <!-- Hibernate -->
    <bean id="hibernateTemplate" class="org.springframework.orm.hibernate3.HibernateTemplate">
        <property name="sessionFactory" ref="sessionFactory" />        
    </bean>
    
    <bean id="sessionFactory" class="org.springframework.orm.hibernate3.LocalSessionFactoryBean">
        <property name="configLocation" value="classpath:hibernate.cfg.xml" />
    </bean>
        
      <!-- JDBC  -->
    <bean id="dataSource" class="org.apache.commons.dbcp.BasicDataSource" destroy-method="close">
        <property name="driverClassName" value="com.mysql.jdbc.Driver"/>
        <property name="url" value="jdbc:mysql://localhost:3306/hoang"/>
        <property name="username" value="hoang"/>
        <property name="password" value="hoang123"/>
        <property name="minIdle" value="1"/>
        <property name="maxIdle" value="5"/>
        <property name="maxActive" value="10"/>
        <property name="maxWait" value="5000"/>
        <property name="testWhileIdle" value="true"/>
        <property name="testOnBorrow" value="true"/>
        <property name="validationQuery" value="SELECT 1;"/>
        <property name="numTestsPerEvictionRun" value="10"/>
        <property name="timeBetweenEvictionRunsMillis" value="30000"/>
        <property name="minEvictableIdleTimeMillis" value="120000"/>
    </bean>                   	  
</beans>
